\BOOKMARK [0][-]{chapter.1}{Introdu\347\343o}{}% 1
\BOOKMARK [1][-]{section.1.1}{Objetivo}{chapter.1}% 2
\BOOKMARK [1][-]{section.1.2}{Justificativa}{chapter.1}% 3
\BOOKMARK [0][-]{chapter.2}{Revis\343o\040bibliogr\341fica}{}% 4
\BOOKMARK [1][-]{section.2.1}{LASER}{chapter.2}% 5
\BOOKMARK [2][-]{subsection.2.1.1}{Contexto\040hist\363rico}{section.2.1}% 6
\BOOKMARK [2][-]{subsection.2.1.2}{Teoria}{section.2.1}% 7
\BOOKMARK [2][-]{subsection.2.1.3}{Propriedades}{section.2.1}% 8
\BOOKMARK [3][-]{subsubsection.2.1.3.1}{Monocrom\341tico}{subsection.2.1.3}% 9
\BOOKMARK [3][-]{subsubsection.2.1.3.2}{Feixe\040Gaussiano}{subsection.2.1.3}% 10
\BOOKMARK [2][-]{subsection.2.1.4}{Largura\040de\040feixe}{section.2.1}% 11
\BOOKMARK [3][-]{subsubsection.2.1.4.1}{\302ngulo\040de\040diverg\352ncia}{subsection.2.1.4}% 12
\BOOKMARK [3][-]{subsubsection.2.1.4.2}{Profundidade\040de\040foco}{subsection.2.1.4}% 13
\BOOKMARK [2][-]{subsection.2.1.5}{Seguran\347a}{section.2.1}% 14
\BOOKMARK [3][-]{subsubsection.2.1.5.1}{MPE}{subsection.2.1.5}% 15
\BOOKMARK [1][-]{section.2.2}{Wireless\040Power\040Transmission}{chapter.2}% 16
\BOOKMARK [2][-]{subsection.2.2.1}{DLC\040-\040Distributed\040Laser\040Charging}{section.2.2}% 17
\BOOKMARK [2][-]{subsection.2.2.2}{Dispositivos\040LPT\040dispon\355veis}{section.2.2}% 18
\BOOKMARK [3][-]{subsubsection.2.2.2.1}{PowerLight\040Technologies}{subsection.2.2.2}% 19
\BOOKMARK [3][-]{subsubsection.2.2.2.2}{PTROL\040\(Power\040Transmitted\040Over\040Laser\)\040Project}{subsection.2.2.2}% 20
\BOOKMARK [0][-]{chapter.3}{Desenvolvimento}{}% 21
\BOOKMARK [1][-]{section.3.1}{Par\342metros\040iniciais\040de\040projeto}{chapter.3}% 22
\BOOKMARK [1][-]{section.3.2}{Sistema}{chapter.3}% 23
\BOOKMARK [2][-]{subsection.3.2.1}{Laser}{section.3.2}% 24
\BOOKMARK [3][-]{subsubsection.3.2.1.1}{Possibilidade\040para\040transferir\040energia\040atrav\351s\040da\040atmosfera}{subsection.3.2.1}% 25
\BOOKMARK [3][-]{subsubsection.3.2.1.2}{Possibilidade\040para\040transferir\040a\040energia\040o\040maior\040tempo\040poss\355vel}{subsection.3.2.1}% 26
\BOOKMARK [3][-]{subsubsection.3.2.1.3}{Laser\040Diodo}{subsection.3.2.1}% 27
\BOOKMARK [2][-]{subsection.3.2.2}{Painel\040Fotovoltaico}{section.3.2}% 28
\BOOKMARK [0][-]{chapter.4}{Conclus\343o}{}% 29
